#
# There is insufficient memory for the Java Runtime Environment to continue.
# Native memory allocation (mmap) failed to map 130023424 bytes for G1 virtual space
# Possible reasons:
#   The system is out of physical RAM or swap space
#   The process is running with CompressedOops enabled, and the Java Heap may be blocking the growth of the native heap
# Possible solutions:
#   Reduce memory load on the system
#   Increase physical memory or swap space
#   Check if swap backing store is full
#   Decrease Java heap size (-Xmx/-Xms)
#   Decrease number of Java threads
#   Decrease Java thread stack sizes (-Xss)
#   Set larger code cache with -XX:ReservedCodeCacheSize=
#   JVM is running with Unscaled Compressed Oops mode in which the Java heap is
#     placed in the first 4GB address space. The Java Heap base address is the
#     maximum limit for the native heap growth. Please use -XX:HeapBaseMinAddress
#     to set the Java Heap base and to place the Java Heap above 4GB virtual address.
# This output file may be truncated or incomplete.
#
#  Out of Memory Error (os_windows.cpp:3550), pid=86640, tid=30704
#
# JRE version:  (17.0.6+9) (build )
# Java VM: Java HotSpot(TM) 64-Bit Server VM (17.0.6+9-LTS-190, mixed mode, sharing, tiered, compressed oops, compressed class ptrs, g1 gc, windows-amd64)
# No core dump will be written. Minidumps are not enabled by default on client versions of Windows
#

---------------  S U M M A R Y ------------

Command Line: -javaagent:C:\Program Files\JetBrains\IntelliJ IDEA Community Edition 2022.3.2\lib\idea_rt.jar=49998:C:\Program Files\JetBrains\IntelliJ IDEA Community Edition 2022.3.2\bin -Dfile.encoding=UTF-8 com.example.employee_management_system.ui.auth.LoginFrame

Host: 11th Gen Intel(R) Core(TM) i7-1165G7 @ 2.80GHz, 8 cores, 7G,  Windows 11 , 64 bit Build 22621 (10.0.22621.4391)
Time: Sun Jan 19 18:23:11 2025 Paris, Madrid elapsed time: 0.024084 seconds (0d 0h 0m 0s)

---------------  T H R E A D  ---------------

Current thread (0x0000018fdc0f3ef0):  JavaThread "Unknown thread" [_thread_in_vm, id=30704, stack(0x0000005d79200000,0x0000005d79300000)]

Stack: [0x0000005d79200000,0x0000005d79300000]
Native frames: (J=compiled Java code, j=interpreted, Vv=VM code, C=native code)
V  [jvm.dll+0x6734ea]
V  [jvm.dll+0x7d18f4]
V  [jvm.dll+0x7d309e]
V  [jvm.dll+0x7d3703]
V  [jvm.dll+0x2433c5]
V  [jvm.dll+0x6703f9]
V  [jvm.dll+0x664d32]
V  [jvm.dll+0x300086]
V  [jvm.dll+0x307606]
V  [jvm.dll+0x356c1e]
V  [jvm.dll+0x356e4f]
V  [jvm.dll+0x2d72e8]
V  [jvm.dll+0x2d8254]
V  [jvm.dll+0x7a33b1]
V  [jvm.dll+0x3647f1]
V  [jvm.dll+0x782839]
V  [jvm.dll+0x3e757f]
V  [jvm.dll+0x3e9001]
C  [jli.dll+0x5297]
C  [ucrtbase.dll+0x29333]
C  [KERNEL32.DLL+0x1259d]
C  [ntdll.dll+0x5af38]


---------------  P R O C E S S  ---------------

Threads class SMR info:
_java_thread_list=0x00007ffe40dce958, length=0, elements={
}

Java Threads: ( => current thread )

Other Threads:
  0x0000018fdc14d9a0 GCTaskThread "GC Thread#0" [stack: 0x0000005d79300000,0x0000005d79400000] [id=22376]
  0x0000018fdc15edf0 ConcurrentGCThread "G1 Main Marker" [stack: 0x0000005d79400000,0x0000005d79500000] [id=68532]
  0x0000018fdc15f800 ConcurrentGCThread "G1 Conc#0" [stack: 0x0000005d79500000,0x0000005d79600000] [id=16108]

[error occurred during error reporting (printing all threads), id 0xc0000005, EXCEPTION_ACCESS_VIOLATION (0xc0000005) at pc=0x00007ffe40607f07]

VM state: not at safepoint (not fully initialized)

VM Mutex/Monitor currently owned by a thread:  ([mutex/lock_event])
[0x0000018fdc0f0d20] Heap_lock - owner thread: 0x0000018fdc0f3ef0

Heap address: 0x0000000085800000, size: 1960 MB, Compressed Oops mode: 32-bit

CDS archive(s) mapped at: [0x0000000000000000-0x0000000000000000-0x0000000000000000), size 0, SharedBaseAddress: 0x0000000800000000, ArchiveRelocationMode: 0.
Narrow klass base: 0x0000000000000000, Narrow klass shift: 0, Narrow klass range: 0x0

GC Precious Log:
<Empty>

Heap:
 garbage-first heap   total 0K, used 0K [0x0000000085800000, 0x0000000100000000)
  region size 1024K, 0 young (0K), 0 survivors (0K)

[error occurred during error reporting (printing heap information), id 0xc0000005, EXCEPTION_ACCESS_VIOLATION (0xc0000005) at pc=0x00007ffe409ec759]

GC Heap History (0 events):
No events

Deoptimization events (0 events):
No events

Classes unloaded (0 events):
No events

Classes redefined (0 events):
No events

Internal exceptions (0 events):
No events

VM Operations (0 events):
No events

Events (1 events):
Event: 0.018 Loaded shared library C:\Program Files\Java\jdk-17\bin\java.dll


Dynamic libraries:
0x00007ff7a4140000 - 0x00007ff7a4150000 	C:\Program Files\Java\jdk-17\bin\java.exe
0x00007ffec1c10000 - 0x00007ffec1e27000 	C:\WINDOWS\SYSTEM32\ntdll.dll
0x00007ffebfc30000 - 0x00007ffebfcf4000 	C:\WINDOWS\System32\KERNEL32.DLL
0x00007ffebf430000 - 0x00007ffebf7ea000 	C:\WINDOWS\System32\KERNELBASE.dll
0x00007ffebf080000 - 0x00007ffebf191000 	C:\WINDOWS\System32\ucrtbase.dll
0x00007ffeb6a70000 - 0x00007ffeb6a8b000 	C:\Program Files\Java\jdk-17\bin\VCRUNTIME140.dll
0x00007ffeb6bb0000 - 0x00007ffeb6bc8000 	C:\Program Files\Java\jdk-17\bin\jli.dll
0x00007ffec19f0000 - 0x00007ffec1aa2000 	C:\WINDOWS\System32\ADVAPI32.dll
0x00007ffebf970000 - 0x00007ffebfa17000 	C:\WINDOWS\System32\msvcrt.dll
0x00007ffebfad0000 - 0x00007ffebfb77000 	C:\WINDOWS\System32\sechost.dll
0x00007ffebeee0000 - 0x00007ffebef08000 	C:\WINDOWS\System32\bcrypt.dll
0x00007ffec1110000 - 0x00007ffec1224000 	C:\WINDOWS\System32\RPCRT4.dll
0x00007ffec1330000 - 0x00007ffec14de000 	C:\WINDOWS\System32\USER32.dll
0x00007ffebef10000 - 0x00007ffebef36000 	C:\WINDOWS\System32\win32u.dll
0x00007ffebfc00000 - 0x00007ffebfc29000 	C:\WINDOWS\System32\GDI32.dll
0x00007ffeaa480000 - 0x00007ffeaa712000 	C:\WINDOWS\WinSxS\amd64_microsoft.windows.common-controls_6595b64144ccf1df_6.0.22621.4541_none_2710d1c57384c085\COMCTL32.dll
0x00007ffebf7f0000 - 0x00007ffebf90b000 	C:\WINDOWS\System32\gdi32full.dll
0x00007ffebf1a0000 - 0x00007ffebf23a000 	C:\WINDOWS\System32\msvcp_win.dll
0x00007ffeb6720000 - 0x00007ffeb672a000 	C:\WINDOWS\SYSTEM32\VERSION.dll
0x00007ffec0ae0000 - 0x00007ffec0b11000 	C:\WINDOWS\System32\IMM32.DLL
0x00007ffeb6b20000 - 0x00007ffeb6b2c000 	C:\Program Files\Java\jdk-17\bin\vcruntime140_1.dll
0x00007ffeb4290000 - 0x00007ffeb431e000 	C:\Program Files\Java\jdk-17\bin\msvcp140.dll
0x00007ffe40320000 - 0x00007ffe40ef7000 	C:\Program Files\Java\jdk-17\bin\server\jvm.dll
0x00007ffec0c20000 - 0x00007ffec0c28000 	C:\WINDOWS\System32\PSAPI.DLL
0x00007ffeb69f0000 - 0x00007ffeb6a24000 	C:\WINDOWS\SYSTEM32\WINMM.dll
0x00007ffe99a60000 - 0x00007ffe99a69000 	C:\WINDOWS\SYSTEM32\WSOCK32.dll
0x00007ffec1230000 - 0x00007ffec12a1000 	C:\WINDOWS\System32\WS2_32.dll
0x00007ffebdef0000 - 0x00007ffebdf08000 	C:\WINDOWS\SYSTEM32\kernel.appcore.dll
0x00007ffeb6b00000 - 0x00007ffeb6b0a000 	C:\Program Files\Java\jdk-17\bin\jimage.dll
0x00007ffebc030000 - 0x00007ffebc262000 	C:\WINDOWS\SYSTEM32\DBGHELP.DLL
0x00007ffec14f0000 - 0x00007ffec187f000 	C:\WINDOWS\System32\combase.dll
0x00007ffec0ca0000 - 0x00007ffec0d77000 	C:\WINDOWS\System32\OLEAUT32.dll
0x00007ffe99d20000 - 0x00007ffe99d52000 	C:\WINDOWS\SYSTEM32\dbgcore.DLL
0x00007ffebf240000 - 0x00007ffebf2bb000 	C:\WINDOWS\System32\bcryptPrimitives.dll
0x00007ffeb6ac0000 - 0x00007ffeb6ace000 	C:\Program Files\Java\jdk-17\bin\instrument.dll
0x00007ffeb61c0000 - 0x00007ffeb61e5000 	C:\Program Files\Java\jdk-17\bin\java.dll

dbghelp: loaded successfully - version: 4.0.5 - missing functions: none
symbol engine: initialized successfully - sym options: 0x614 - pdb path: .;C:\Program Files\Java\jdk-17\bin;C:\WINDOWS\SYSTEM32;C:\WINDOWS\WinSxS\amd64_microsoft.windows.common-controls_6595b64144ccf1df_6.0.22621.4541_none_2710d1c57384c085;C:\Program Files\Java\jdk-17\bin\server

VM Arguments:
jvm_args: -javaagent:C:\Program Files\JetBrains\IntelliJ IDEA Community Edition 2022.3.2\lib\idea_rt.jar=49998:C:\Program Files\JetBrains\IntelliJ IDEA Community Edition 2022.3.2\bin -Dfile.encoding=UTF-8 
java_command: com.example.employee_management_system.ui.auth.LoginFrame
java_class_path (initial): C:\Users\abdelwahhab\Downloads\employee-management-system\target\classes;C:\Users\abdelwahhab\.m2\repository\org\springframework\boot\spring-boot-starter-data-jpa\3.4.1\spring-boot-starter-data-jpa-3.4.1.jar;C:\Users\abdelwahhab\.m2\repository\org\springframework\boot\spring-boot-starter\3.4.1\spring-boot-starter-3.4.1.jar;C:\Users\abdelwahhab\.m2\repository\org\springframework\boot\spring-boot-starter-logging\3.4.1\spring-boot-starter-logging-3.4.1.jar;C:\Users\abdelwahhab\.m2\repository\ch\qos\logback\logback-classic\1.5.12\logback-classic-1.5.12.jar;C:\Users\abdelwahhab\.m2\repository\ch\qos\logback\logback-core\1.5.12\logback-core-1.5.12.jar;C:\Users\abdelwahhab\.m2\repository\org\apache\logging\log4j\log4j-to-slf4j\2.24.3\log4j-to-slf4j-2.24.3.jar;C:\Users\abdelwahhab\.m2\repository\org\apache\logging\log4j\log4j-api\2.24.3\log4j-api-2.24.3.jar;C:\Users\abdelwahhab\.m2\repository\org\slf4j\jul-to-slf4j\2.0.16\jul-to-slf4j-2.0.16.jar;C:\Users\abdelwahhab\.m2\repository\jakarta\annotation\jakarta.annotation-api\2.1.1\jakarta.annotation-api-2.1.1.jar;C:\Users\abdelwahhab\.m2\repository\org\yaml\snakeyaml\2.3\snakeyaml-2.3.jar;C:\Users\abdelwahhab\.m2\repository\org\springframework\boot\spring-boot-starter-jdbc\3.4.1\spring-boot-starter-jdbc-3.4.1.jar;C:\Users\abdelwahhab\.m2\repository\com\zaxxer\HikariCP\5.1.0\HikariCP-5.1.0.jar;C:\Users\abdelwahhab\.m2\repository\org\springframework\spring-jdbc\6.2.1\spring-jdbc-6.2.1.jar;C:\Users\abdelwahhab\.m2\repository\org\hibernate\orm\hibernate-core\6.6.4.Final\hibernate-core-6.6.4.Final.jar;C:\Users\abdelwahhab\.m2\repository\jakarta\persistence\jakarta.persistence-api\3.1.0\jakarta.persistence-api-3.1.0.jar;C:\Users\abdelwahhab\.m2\repository\jakarta\transaction\jakarta.transaction-api\2.0.1\jakarta.transaction-api-2.0.1.jar;C:\Users\abdelwahhab\.m2\repository\org\jboss\logging\jboss-logging\3.6.1.Final\jboss-logging-3.6.1.Final.jar;C:\Users\abdelwahhab\.m2\repository\org\hibernate\common\hi
Launcher Type: SUN_STANDARD

[Global flags]
     intx CICompilerCount                          = 4                                         {product} {ergonomic}
     uint ConcGCThreads                            = 2                                         {product} {ergonomic}
     uint G1ConcRefinementThreads                  = 8                                         {product} {ergonomic}
   size_t G1HeapRegionSize                         = 1048576                                   {product} {ergonomic}
    uintx GCDrainStackTargetSize                   = 64                                        {product} {ergonomic}
   size_t InitialHeapSize                          = 130023424                                 {product} {ergonomic}
   size_t MarkStackSize                            = 4194304                                   {product} {ergonomic}
   size_t MaxHeapSize                              = 2055208960                                {product} {ergonomic}
   size_t MinHeapDeltaBytes                        = 1048576                                   {product} {ergonomic}
   size_t MinHeapSize                              = 8388608                                   {product} {ergonomic}
    uintx NonNMethodCodeHeapSize                   = 5839372                                {pd product} {ergonomic}
    uintx NonProfiledCodeHeapSize                  = 122909434                              {pd product} {ergonomic}
    uintx ProfiledCodeHeapSize                     = 122909434                              {pd product} {ergonomic}
    uintx ReservedCodeCacheSize                    = 251658240                              {pd product} {ergonomic}
     bool SegmentedCodeCache                       = true                                      {product} {ergonomic}
   size_t SoftMaxHeapSize                          = 2055208960                             {manageable} {ergonomic}
     bool UseCompressedClassPointers               = true                           {product lp64_product} {ergonomic}
     bool UseCompressedOops                        = true                           {product lp64_product} {ergonomic}
     bool UseG1GC                                  = true                                      {product} {ergonomic}
     bool UseLargePagesIndividualAllocation        = false                                  {pd product} {ergonomic}

Logging:
Log output configuration:
 #0: stdout all=warning uptime,level,tags
 #1: stderr all=off uptime,level,tags

Environment Variables:
PATH=C:\oraclexe\app\oracle\product\11.2.0\server\bin;C:\Program Files (x86)\VMware\VMware Workstation\bin\;C:\Program Files\Common Files\Oracle\Java\javapath;C:\Program Files (x86)\Common Files\Oracle\Java\javapath;C:\Python310\Scripts\;C:\Python310\;C:\WINDOWS\system32;C:\WINDOWS;C:\WINDOWS\System32\Wbem;C:\WINDOWS\System32\WindowsPowerShell\v1.0\;C:\WINDOWS\System32\OpenSSH\;C:\ProgramData\chocolatey\bin;C:\MinGW\bin;C:\Program Files\dotnet\;C:\Program Files\Git\cmd;C:\Users\abdelwahhab\AppData\Roaming\nvm;C:\Program Files\nodejs;C:\Program Files\HP\HP One Agent;C:\Program Files\Docker\Docker\resources\bin;C:\Users\abdelwahhab\AppData\Local\Microsoft\WindowsApps;C:\Users\abdelwahhab\AppData\Roaming\npm;C:\Users\abdelwahhab\AppData\Local\Programs\Microsoft VS Code\bin;C:\Program Files\JetBrains\IntelliJ IDEA Community Edition 2022.1\bin;;C:\msys64\c++insta\mingw64\bin;C:\Program Files (x86)\mysql-8.0.32-winx64\bin;C:\Users\abdelwahhab\AppData\Roaming\nvm;C:\Program Files\nodejs
USERNAME=abdelwahhab
OS=Windows_NT
PROCESSOR_IDENTIFIER=Intel64 Family 6 Model 140 Stepping 1, GenuineIntel



---------------  S Y S T E M  ---------------

OS:
 Windows 11 , 64 bit Build 22621 (10.0.22621.4391)
OS uptime: 22 days 1:32 hours
Hyper-V role detected

CPU: total 8 (initial active 8) (4 cores per cpu, 2 threads per core) family 6 model 140 stepping 1 microcode 0xb4, cx8, cmov, fxsr, ht, mmx, 3dnowpref, sse, sse2, sse3, ssse3, sse4.1, sse4.2, popcnt, lzcnt, tsc, tscinvbit, avx, avx2, aes, erms, clmul, bmi1, bmi2, adx, avx512f, avx512dq, avx512cd, avx512bw, avx512vl, sha, fma, vzeroupper, avx512_vpopcntdq, avx512_vpclmulqdq, avx512_vaes, avx512_vnni, clflush, clflushopt, clwb, avx512_vbmi2, avx512_vbmi, hv

Memory: 4k page, system-wide physical 7834M (238M free)
TotalPageFile size 31386M (AvailPageFile size 126M)
current process WorkingSet (physical memory assigned to process): 11M, peak: 11M
current process commit charge ("private bytes"): 60M, peak: 184M

vm_info: Java HotSpot(TM) 64-Bit Server VM (17.0.6+9-LTS-190) for windows-amd64 JRE (17.0.6+9-LTS-190), built on Dec  6 2022 15:53:54 by "mach5one" with MS VC++ 17.1 (VS2022)

END.
